<?xml version="1.0" encoding="UTF-8"?>
<testsuite xmlns:xsi="http://www.w3.org/2001/XMLSchema-instance" xsi:noNamespaceSchemaLocation="https://maven.apache.org/surefire/maven-surefire-plugin/xsd/surefire-test-report-3.0.xsd" version="3.0" name="com.inventario.multisucursal.transfers.TransferApiTest" time="13.294" tests="32" errors="0" skipped="0" failures="0">
  <properties>
[...]
</properties>
  <testcase name="approvingMoreThanRequestedIsRejected" classname="com.inventario.multisucursal.transfers.TransferApiTest" time="0.411">
    <system-out><![CDATA[2026-08-30T17:16:57.592-05:00 INFO  [requestId="-"] o.s.t.c.s.AnnotationConfigContextLoaderUtils - Could not detect default configuration classes for test class [com.inventario.multisucursal.transfers.TransferApiTest]: TransferApiTest does not declare any static, non-private, non-final, nested classes annotated with @Configuration.
2026-08-30T17:16:57.593-05:00 INFO  [requestId="-"] o.s.b.t.c.SpringBootTestContextBootstrapper - Found @SpringBootConfiguration com.inventario.multisucursal.InventarioApplication for test class com.inventario.multisucursal.transfers.TransferApiTest
]]></system-out>
  </testcase>
  <testcase name="dispatchIsRejectedWhenStockWasConsumedAfterApproval" classname="com.inventario.multisucursal.transfers.TransferApiTest" time="0.405"/>
  <testcase name="listOnlyShowsTransfersOfTheOwnBranchForNonAdmin" classname="com.inventario.multisucursal.transfers.TransferApiTest" time="0.389"/>
  <testcase name="treatingALineWithoutShortageIsRejected" classname="com.inventario.multisucursal.transfers.TransferApiTest" time="0.413"/>
  <testcase name="receivingZeroIsAcceptedAsFullShortageWithoutMovement" classname="com.inventario.multisucursal.transfers.TransferApiTest" time="0.437"/>
  <testcase name="sameOriginAndDestinationIsRejected" classname="com.inventario.multisucursal.transfers.TransferApiTest" time="0.398"/>
  <testcase name="operationsOnNonexistentTransferReturn404" classname="com.inventario.multisucursal.transfers.TransferApiTest" time="0.498"/>
  <testcase name="approvalMustIncludeEveryLine" classname="com.inventario.multisucursal.transfers.TransferApiTest" time="0.549"/>
  <testcase name="approvingMoreThanAvailableStockIsRejected" classname="com.inventario.multisucursal.transfers.TransferApiTest" time="0.424"/>
  <testcase name="transferIsVisibleFromBothBranchesButNotFromAThirdOne" classname="com.inventario.multisucursal.transfers.TransferApiTest" time="0.425"/>
  <testcase name="retryingRequestWithSameIdempotencyKeyDoesNotCreateASecondTransfer" classname="com.inventario.multisucursal.transfers.TransferApiTest" time="0.41"/>
  <testcase name="doubleDispatchIsRejectedAndStockIsDiscountedOnlyOnce" classname="com.inventario.multisucursal.transfers.TransferApiTest" time="0.407"/>
  <testcase name="rejectedTransferCannotBeApprovedOrDispatched" classname="com.inventario.multisucursal.transfers.TransferApiTest" time="0.409"/>
  <testcase name="operatorCannotApproveButManagerCanDispatchAndReceive" classname="com.inventario.multisucursal.transfers.TransferApiTest" time="0.407"/>
  <testcase name="outsiderBranchCannotRequestApproveDispatchOrReceive" classname="com.inventario.multisucursal.transfers.TransferApiTest" time="0.426"/>
  <testcase name="partialReceiptRecordsShortageAndOnlyAddsWhatArrived" classname="com.inventario.multisucursal.transfers.TransferApiTest" time="0.425"/>
  <testcase name="dispatchingWithoutApprovalIsRejected" classname="com.inventario.multisucursal.transfers.TransferApiTest" time="0.401"/>
  <testcase name="inactiveProductIsRejected" classname="com.inventario.multisucursal.transfers.TransferApiTest" time="0.394"/>
  <testcase name="movementsAreGeneratedOnBothBranchesAndLinkedToTheLine" classname="com.inventario.multisucursal.transfers.TransferApiTest" time="0.407"/>
  <testcase name="treatmentAjusteClosesWithoutFollowUp" classname="com.inventario.multisucursal.transfers.TransferApiTest" time="0.416"/>
  <testcase name="receivingMoreThanShippedIsRejected" classname="com.inventario.multisucursal.transfers.TransferApiTest" time="0.401"/>
  <testcase name="nonPositiveRequestedQuantityIsRejected" classname="com.inventario.multisucursal.transfers.TransferApiTest" time="0.39"/>
  <testcase name="doubleReceiveIsRejectedAndStockIsIncrementedOnlyOnce" classname="com.inventario.multisucursal.transfers.TransferApiTest" time="0.407"/>
  <testcase name="doubleTreatmentIsRejected" classname="com.inventario.multisucursal.transfers.TransferApiTest" time="0.408"/>
  <testcase name="receivingBeforeDispatchIsRejected" classname="com.inventario.multisucursal.transfers.TransferApiTest" time="0.399"/>
  <testcase name="transferClosesOnlyWhenEveryShortageHasBeenTreated" classname="com.inventario.multisucursal.transfers.TransferApiTest" time="0.421"/>
  <testcase name="missingIdempotencyKeyOnRequestIsRejected" classname="com.inventario.multisucursal.transfers.TransferApiTest" time="0.393"/>
  <testcase name="dispatchingMoreThanApprovedIsRejected" classname="com.inventario.multisucursal.transfers.TransferApiTest" time="0.406"/>
  <testcase name="fullHappyPathRequestApproveDispatchReceiveComplete" classname="com.inventario.multisucursal.transfers.TransferApiTest" time="0.407"/>
  <testcase name="doubleApprovalIsRejected" classname="com.inventario.multisucursal.transfers.TransferApiTest" time="0.393"/>
  <testcase name="dispatchMustIncludeEveryLine" classname="com.inventario.multisucursal.transfers.TransferApiTest" time="0.4"/>
  <testcase name="treatmentReenvioCreatesFollowUpTransferAndClosesTheOriginal" classname="com.inventario.multisucursal.transfers.TransferApiTest" time="0.404"/>
</testsuite>