<?xml version="1.0" encoding="UTF-8"?>
<testsuite xmlns:xsi="http://www.w3.org/2001/XMLSchema-instance" xsi:noNamespaceSchemaLocation="https://maven.apache.org/surefire/maven-surefire-plugin/xsd/surefire-test-report-3.0.xsd" version="3.0" name="com.inventario.multisucursal.common.audit.AuditableEntityTest" time="0.284" tests="2" errors="0" skipped="0" failures="0">
  <properties>
[...]
</properties>
  <testcase name="populatesCreatedAndUpdatedFieldsOnPersist" classname="com.inventario.multisucursal.common.audit.AuditableEntityTest" time="0.01">
    <system-out><![CDATA[2026-08-27T16:47:37.397Z INFO  [requestId="-"] o.s.t.c.s.AnnotationConfigContextLoaderUtils - Could not detect default configuration classes for test class [com.inventario.multisucursal.common.audit.AuditableEntityTest]: AuditableEntityTest does not declare any static, non-private, non-final, nested classes annotated with @Configuration.
2026-08-27T16:47:37.419Z INFO  [requestId="-"] o.s.b.t.c.SpringBootTestContextBootstrapper - Found @SpringBootConfiguration com.inventario.multisucursal.InventarioApplication for test class com.inventario.multisucursal.common.audit.AuditableEntityTest

  .   ____          _            __ _ _
 /\\ / ___'_ __ _ _(_)_ __  __ _ \ \ \ \
( ( )\___ | '_ | '_| | '_ \/ _` | \ \ \ \
 \\/  ___)| |_)| | | | | || (_| |  ) ) ) )
  '  |____| .__|_| |_|_| |_\__, | / / / /
 =========|_|==============|___/=/_/_/_/

 :: Spring Boot ::                (v3.3.5)

2026-08-27T16:47:37.430Z INFO  [requestId="-"] c.i.m.c.audit.AuditableEntityTest - Starting AuditableEntityTest using Java 21.0.12 with PID 119 (started by root in /app)
2026-08-27T16:47:37.430Z DEBUG [requestId="-"] c.i.m.c.audit.AuditableEntityTest - Running with Spring Boot v3.3.5, Spring v6.1.14
2026-08-27T16:47:37.430Z INFO  [requestId="-"] c.i.m.c.audit.AuditableEntityTest - The following 1 profile is active: "dev"
2026-08-27T16:47:37.482Z INFO  [requestId="-"] o.s.d.r.c.RepositoryConfigurationDelegate - Bootstrapping Spring Data JPA repositories in DEFAULT mode.
2026-08-27T16:47:37.501Z INFO  [requestId="-"] o.s.d.r.c.RepositoryConfigurationDelegate - Finished Spring Data repository scanning in 19 ms. Found 17 JPA repository interfaces.
2026-08-27T16:47:37.505Z INFO  [requestId="-"] o.s.b.t.a.j.TestDatabaseAutoConfiguration$EmbeddedDataSourceBeanFactoryPostProcessor - Replacing 'dataSource' DataSource bean with embedded version
2026-08-27T16:47:37.518Z INFO  [requestId="-"] o.s.j.d.e.EmbeddedDatabaseFactory - Starting embedded database: url='jdbc:h2:mem:7db34590-ce04-4449-afa0-9348cfea5849;DB_CLOSE_DELAY=-1;DB_CLOSE_ON_EXIT=false', username='sa'
2026-08-27T16:47:37.532Z INFO  [requestId="-"] o.h.jpa.internal.util.LogHelper - HHH000204: Processing PersistenceUnitInfo [name: default]
2026-08-27T16:47:37.534Z INFO  [requestId="-"] o.h.c.i.RegionFactoryInitiator - HHH000026: Second-level cache disabled
2026-08-27T16:47:37.539Z INFO  [requestId="-"] o.s.o.j.p.SpringPersistenceUnitInfo - No LoadTimeWeaver setup: ignoring JPA class transformer
2026-08-27T16:47:37.604Z INFO  [requestId="-"] o.h.e.t.j.p.i.JtaPlatformInitiator - HHH000489: No JTA platform available (set 'hibernate.transaction.jta.platform' to enable JTA platform integration)
Hibernate: drop table if exists auditable_test_entity cascade 
Hibernate: drop table if exists branch cascade 
Hibernate: drop table if exists inventory cascade 
Hibernate: drop table if exists inventory_movement cascade 
Hibernate: drop table if exists price cascade 
Hibernate: drop table if exists price_list cascade 
Hibernate: drop table if exists product cascade 
Hibernate: drop table if exists product_unit cascade 
Hibernate: drop table if exists purchase_order cascade 
Hibernate: drop table if exists purchase_order_item cascade 
Hibernate: drop table if exists route cascade 
Hibernate: drop table if exists sale cascade 
Hibernate: drop table if exists sale_item cascade 
Hibernate: drop table if exists supplier cascade 
Hibernate: drop table if exists transfer cascade 
Hibernate: drop table if exists transfer_item cascade 
Hibernate: drop table if exists unit_of_measure cascade 
Hibernate: drop table if exists users cascade 
Hibernate: create table auditable_test_entity (created_at timestamp(6) with time zone not null, id bigint generated by default as identity, updated_at timestamp(6) with time zone not null, created_by varchar(255), name varchar(255), updated_by varchar(255), primary key (id))
Hibernate: create table branch (active boolean not null, created_at timestamp(6) with time zone not null, id bigint generated by default as identity, updated_at timestamp(6) with time zone not null, code varchar(20) not null unique, name varchar(150) not null, created_by varchar(255), location varchar(255), updated_by varchar(255), primary key (id))
Hibernate: create table inventory (average_unit_cost numeric(19,6) not null, minimum_stock numeric(19,6) not null, quantity_on_hand numeric(19,6) not null, branch_id bigint not null, id bigint generated by default as identity, product_id bigint not null, updated_at timestamp(6) with time zone not null, version bigint not null, primary key (id), unique (product_id, branch_id))
Hibernate: create table inventory_movement (quantity numeric(19,6) not null, branch_id bigint not null, created_at timestamp(6) with time zone not null, id bigint generated by default as identity, occurred_at timestamp(6) with time zone not null, product_id bigint not null, purchase_order_item_id bigint, responsible_user_id bigint not null, sale_item_id bigint, transfer_item_id bigint, unit_of_measure_id bigint not null, idempotency_key varchar(150), notes varchar(1000), direction enum ('INGRESO','RETIRO') not null, reason enum ('AJUSTE_INGRESO','AJUSTE_RETIRO','COMPRA','DEVOLUCION','MERMA','TRANSFERENCIA_ENTRADA','TRANSFERENCIA_SALIDA','VENTA') not null, primary key (id))
Hibernate: create table price (unit_price numeric(19,4) not null, id bigint generated by default as identity, price_list_id bigint not null, product_id bigint not null, valid_from timestamp(6) with time zone not null, valid_to timestamp(6) with time zone, primary key (id))
Hibernate: create table price_list (active boolean not null, branch_id bigint, id bigint generated by default as identity, name varchar(150) not null, primary key (id), unique (name, branch_id))
Hibernate: create table product (active boolean not null, base_unit_of_measure_id bigint not null, created_at timestamp(6) with time zone not null, id bigint generated by default as identity, updated_at timestamp(6) with time zone not null, sku varchar(50) not null unique, name varchar(150) not null, description varchar(1000), created_by varchar(255), updated_by varchar(255), primary key (id))
Hibernate: create table product_unit (conversion_factor_to_base numeric(19,6) not null, is_base_unit boolean not null, created_at timestamp(6) with time zone not null, id bigint generated by default as identity, product_id bigint not null, unit_of_measure_id bigint not null, updated_at timestamp(6) with time zone not null, created_by varchar(255), updated_by varchar(255), primary key (id))
Hibernate: create table purchase_order (branch_id bigint not null, created_at timestamp(6) with time zone not null, created_by_user_id bigint not null, id bigint generated by default as identity, order_date timestamp(6) with time zone not null, supplier_id bigint not null, order_number varchar(30) not null unique, payment_term varchar(100), status enum ('CANCELLED','CREATED','PARTIALLY_RECEIVED','RECEIVED') not null, primary key (id))
Hibernate: create table purchase_order_item (discount_percentage numeric(5,2) not null, line_total numeric(19,4) not null, quantity_ordered numeric(19,6) not null, quantity_received numeric(19,6) not null, unit_price numeric(19,4) not null, id bigint generated by default as identity, product_id bigint not null, purchase_order_id bigint not null, unit_of_measure_id bigint not null, version bigint not null, primary key (id))
Hibernate: create table route (created_at timestamp(6) with time zone not null, destination_branch_id bigint not null, id bigint generated by default as identity, origin_branch_id bigint not null, updated_at timestamp(6) with time zone not null, created_by varchar(255), updated_by varchar(255), classification enum ('COST','PRIORITY','TIME') not null, primary key (id), unique (origin_branch_id, destination_branch_id))
Hibernate: create table sale (discount_total numeric(19,4) not null, subtotal numeric(19,4) not null, total numeric(19,4) not null, branch_id bigint not null, created_at timestamp(6) with time zone not null, id bigint generated by default as identity, price_list_id bigint not null, sale_date timestamp(6) with time zone not null, sold_by_user_id bigint not null, sale_number varchar(30) not null unique, client_reference_id varchar(150) unique, status enum ('CONFIRMED') not null, primary key (id))
Hibernate: create table sale_item (discount_percentage numeric(5,2) not null, line_total numeric(19,4) not null, quantity numeric(19,6) not null, unit_price numeric(19,4) not null, id bigint generated by default as identity, product_id bigint not null, sale_id bigint not null, unit_of_measure_id bigint not null, primary key (id), unique (sale_id, product_id))
Hibernate: create table supplier (active boolean not null, created_at timestamp(6) with time zone not null, id bigint generated by default as identity, updated_at timestamp(6) with time zone not null, phone varchar(30), tax_id varchar(50) not null unique, contact_name varchar(150), name varchar(150) not null, created_by varchar(255), email varchar(255), updated_by varchar(255), primary key (id))
Hibernate: create table transfer (estimated_arrival_date date, urgency boolean not null, approved_at timestamp(6) with time zone, approved_by_user_id bigint, created_at timestamp(6) with time zone not null, destination_branch_id bigint not null, dispatched_at timestamp(6) with time zone, id bigint generated by default as identity, origin_branch_id bigint not null, received_at timestamp(6) with time zone, requested_at timestamp(6) with time zone not null, requested_by_user_id bigint not null, route_id bigint, transfer_number varchar(30) not null unique, carrier_name varchar(150), client_reference_id varchar(150) unique, status enum ('APPROVED','CLOSED','IN_TRANSIT','RECEIVED_COMPLETE','RECEIVED_PARTIAL','REJECTED','REQUESTED') not null, primary key (id))
Hibernate: create table transfer_item (quantity_approved numeric(19,6), quantity_missing numeric(19,6), quantity_received numeric(19,6), quantity_requested numeric(19,6) not null, quantity_shipped numeric(19,6), follow_up_transfer_id bigint, id bigint generated by default as identity, product_id bigint not null, transfer_id bigint not null, treatment_at timestamp(6) with time zone, treatment_by_user_id bigint, unit_of_measure_id bigint not null, discrepancy_treatment enum ('AJUSTE','RECLAMACION','REENVIO'), primary key (id), unique (transfer_id, product_id))
Hibernate: create table unit_of_measure (id bigint generated by default as identity, code varchar(10) not null unique, name varchar(100) not null, primary key (id))
Hibernate: create table users (active boolean not null, branch_id bigint, created_at timestamp(6) with time zone not null, id bigint generated by default as identity, updated_at timestamp(6) with time zone not null, name varchar(150) not null, created_by varchar(255), email varchar(255) not null unique, password_hash varchar(255) not null, updated_by varchar(255), role_code enum ('ADMIN','MANAGER','OPERATOR') not null, primary key (id))
2026-08-27T16:47:37.609Z INFO  [requestId="-"] o.s.o.j.LocalContainerEntityManagerFactoryBean - Initialized JPA EntityManagerFactory for persistence unit 'default'
2026-08-27T16:47:37.667Z INFO  [requestId="-"] c.i.m.c.audit.AuditableEntityTest - Started AuditableEntityTest in 0.247 seconds (process running for 44.096)
Hibernate: insert into auditable_test_entity (created_at,created_by,name,updated_at,updated_by,id) values (?,?,?,?,?,default)
Hibernate: select ate1_0.id,ate1_0.created_at,ate1_0.created_by,ate1_0.name,ate1_0.updated_at,ate1_0.updated_by from auditable_test_entity ate1_0 where ate1_0.id=?
]]></system-out>
  </testcase>
  <testcase name="keepsCreatedAtStableAndAdvancesUpdatedAtOnModification" classname="com.inventario.multisucursal.common.audit.AuditableEntityTest" time="0.002">
    <system-out><![CDATA[Hibernate: insert into auditable_test_entity (created_at,created_by,name,updated_at,updated_by,id) values (?,?,?,?,?,default)
Hibernate: select ate1_0.id,ate1_0.created_at,ate1_0.created_by,ate1_0.name,ate1_0.updated_at,ate1_0.updated_by from auditable_test_entity ate1_0 where ate1_0.id=?
Hibernate: update auditable_test_entity set name=?,updated_at=?,updated_by=? where id=?
]]></system-out>
  </testcase>
</testsuite>