<?xml version="1.0" encoding="UTF-8"?>
<testsuite xmlns:xsi="http://www.w3.org/2001/XMLSchema-instance" xsi:noNamespaceSchemaLocation="https://maven.apache.org/surefire/maven-surefire-plugin/xsd/surefire-test-report-3.0.xsd" version="3.0" name="com.inventario.multisucursal.purchases.PurchaseReceiptApiTest" time="6.703" tests="17" errors="0" skipped="0" failures="0">
  <properties>
[...]
</properties>
  <testcase name="differentIdempotencyKeyAppliesASecondLegitimateReceipt" classname="com.inventario.multisucursal.purchases.PurchaseReceiptApiTest" time="0.695">
    <system-out><![CDATA[2026-08-29T01:11:13.337Z INFO  [requestId="-"] o.s.t.c.s.AnnotationConfigContextLoaderUtils - Could not detect default configuration classes for test class [com.inventario.multisucursal.purchases.PurchaseReceiptApiTest]: PurchaseReceiptApiTest does not declare any static, non-private, non-final, nested classes annotated with @Configuration.
2026-08-29T01:11:13.340Z INFO  [requestId="-"] o.s.b.t.c.SpringBootTestContextBootstrapper - Found @SpringBootConfiguration com.inventario.multisucursal.InventarioApplication for test class com.inventario.multisucursal.purchases.PurchaseReceiptApiTest

  .   ____          _            __ _ _
 /\\ / ___'_ __ _ _(_)_ __  __ _ \ \ \ \
( ( )\___ | '_ | '_| | '_ \/ _` | \ \ \ \
 \\/  ___)| |_)| | | | | || (_| |  ) ) ) )
  '  |____| .__|_| |_|_| |_\__, | / / / /
 =========|_|==============|___/=/_/_/_/

 :: Spring Boot ::                (v3.3.5)

2026-08-29T01:11:13.366Z INFO  [requestId="-"] c.i.m.p.PurchaseReceiptApiTest - Starting PurchaseReceiptApiTest using Java 21.0.12 with PID 84 (started by root in /app)
2026-08-29T01:11:13.366Z INFO  [requestId="-"] c.i.m.p.PurchaseReceiptApiTest - The following 1 profile is active: "test"
2026-08-29T01:11:13.530Z INFO  [requestId="-"] o.s.d.r.c.RepositoryConfigurationDelegate - Bootstrapping Spring Data JPA repositories in DEFAULT mode.
2026-08-29T01:11:13.554Z INFO  [requestId="-"] o.s.d.r.c.RepositoryConfigurationDelegate - Finished Spring Data repository scanning in 23 ms. Found 18 JPA repository interfaces.
2026-08-29T01:11:13.651Z INFO  [requestId="-"] o.s.b.w.e.tomcat.TomcatWebServer - Tomcat initialized with port 0 (http)
2026-08-29T01:11:13.657Z INFO  [requestId="-"] o.a.catalina.core.StandardService - Starting service [Tomcat]
2026-08-29T01:11:13.657Z INFO  [requestId="-"] o.a.catalina.core.StandardEngine - Starting Servlet engine: [Apache Tomcat/10.1.31]
2026-08-29T01:11:13.685Z INFO  [requestId="-"] o.a.c.c.C.[Tomcat].[localhost].[/] - Initializing Spring embedded WebApplicationContext
2026-08-29T01:11:13.686Z INFO  [requestId="-"] o.s.b.w.s.c.ServletWebServerApplicationContext - Root WebApplicationContext: initialization completed in 318 ms
2026-08-29T01:11:13.759Z INFO  [requestId="-"] o.h.jpa.internal.util.LogHelper - HHH000204: Processing PersistenceUnitInfo [name: default]
2026-08-29T01:11:13.761Z INFO  [requestId="-"] o.h.c.i.RegionFactoryInitiator - HHH000026: Second-level cache disabled
2026-08-29T01:11:13.766Z INFO  [requestId="-"] o.s.o.j.p.SpringPersistenceUnitInfo - No LoadTimeWeaver setup: ignoring JPA class transformer
2026-08-29T01:11:13.767Z INFO  [requestId="-"] com.zaxxer.hikari.HikariDataSource - HikariPool-2 - Starting...
2026-08-29T01:11:13.767Z INFO  [requestId="-"] com.zaxxer.hikari.pool.HikariPool - HikariPool-2 - Added connection conn10: url=jdbc:h2:mem:testdb user=SA
2026-08-29T01:11:13.767Z INFO  [requestId="-"] com.zaxxer.hikari.HikariDataSource - HikariPool-2 - Start completed.
2026-08-29T01:11:13.857Z INFO  [requestId="-"] o.h.e.t.j.p.i.JtaPlatformInitiator - HHH000489: No JTA platform available (set 'hibernate.transaction.jta.platform' to enable JTA platform integration)
2026-08-29T01:11:13.870Z INFO  [requestId="-"] o.s.o.j.LocalContainerEntityManagerFactoryBean - Initialized JPA EntityManagerFactory for persistence unit 'default'
2026-08-29T01:11:13.904Z INFO  [requestId="-"] o.s.s.c.a.a.c.InitializeAuthenticationProviderBeanManagerConfigurer$InitializeAuthenticationProviderManagerConfigurer - Global AuthenticationManager configured with AuthenticationProvider bean with name authenticationProvider
2026-08-29T01:11:13.904Z WARN  [requestId="-"] o.s.s.c.a.a.c.InitializeUserDetailsBeanManagerConfigurer$InitializeUserDetailsManagerConfigurer - Global AuthenticationManager configured with an AuthenticationProvider bean. UserDetailsService beans will not be used for username/password login. Consider removing the AuthenticationProvider bean. Alternatively, consider using the UserDetailsService in a manually instantiated DaoAuthenticationProvider.
2026-08-29T01:11:14.136Z INFO  [requestId="-"] o.s.b.a.e.web.EndpointLinksResolver - Exposing 2 endpoints beneath base path '/actuator'
2026-08-29T01:11:14.235Z INFO  [requestId="-"] o.s.b.w.e.tomcat.TomcatWebServer - Tomcat started on port 43511 (http) with context path '/'
2026-08-29T01:11:14.238Z INFO  [requestId="-"] c.i.m.p.PurchaseReceiptApiTest - Started PurchaseReceiptApiTest in 0.895 seconds (process running for 6.083)
2026-08-29T01:11:14.381Z INFO  [requestId="-"] o.a.c.c.C.[Tomcat].[localhost].[/] - Initializing Spring DispatcherServlet 'dispatcherServlet'
2026-08-29T01:11:14.381Z INFO  [requestId="-"] o.s.web.servlet.DispatcherServlet - Initializing Servlet 'dispatcherServlet'
2026-08-29T01:11:14.381Z INFO  [requestId="-"] o.s.web.servlet.DispatcherServlet - Completed initialization in 0 ms
]]></system-out>
  </testcase>
  <testcase name="partialReceiptMarksOrderPartiallyReceived" classname="com.inventario.multisucursal.purchases.PurchaseReceiptApiTest" time="0.337"/>
  <testcase name="managerCanReceivePurchases" classname="com.inventario.multisucursal.purchases.PurchaseReceiptApiTest" time="0.324"/>
  <testcase name="secondPartialReceiptCompletesTheOrder" classname="com.inventario.multisucursal.purchases.PurchaseReceiptApiTest" time="0.33"/>
  <testcase name="averageCostWithPreviousStockIsWeighted" classname="com.inventario.multisucursal.purchases.PurchaseReceiptApiTest" time="0.336"/>
  <testcase name="missingIdempotencyKeyOnReceiptIsRejected" classname="com.inventario.multisucursal.purchases.PurchaseReceiptApiTest" time="0.317"/>
  <testcase name="retryingSameKeyAfterOrderBecameFullyReceivedStillReplaysTheOriginalResult" classname="com.inventario.multisucursal.purchases.PurchaseReceiptApiTest" time="0.326"/>
  <testcase name="movementIsAuditableAndLinkedToPurchaseOrderItem" classname="com.inventario.multisucursal.purchases.PurchaseReceiptApiTest" time="0.329"/>
  <testcase name="receivingMoreThanPendingIsRejected" classname="com.inventario.multisucursal.purchases.PurchaseReceiptApiTest" time="0.31"/>
  <testcase name="receivingAnAlreadyReceivedOrderIsRejected" classname="com.inventario.multisucursal.purchases.PurchaseReceiptApiTest" time="0.316"/>
  <testcase name="fullReceiptMarksOrderReceivedAndIncrementsStock" classname="com.inventario.multisucursal.purchases.PurchaseReceiptApiTest" time="0.31"/>
  <testcase name="receivingNonexistentItemReturns404" classname="com.inventario.multisucursal.purchases.PurchaseReceiptApiTest" time="0.304"/>
  <testcase name="retryingTheSameReceiptWithSameIdempotencyKeyDoesNotDuplicateEffect" classname="com.inventario.multisucursal.purchases.PurchaseReceiptApiTest" time="0.318"/>
  <testcase name="receivingNonPositiveQuantityIsRejected" classname="com.inventario.multisucursal.purchases.PurchaseReceiptApiTest" time="0.304"/>
  <testcase name="adminCanReceiveForAnyBranch" classname="com.inventario.multisucursal.purchases.PurchaseReceiptApiTest" time="0.32"/>
  <testcase name="operatorCannotReceiveForAnotherBranch" classname="com.inventario.multisucursal.purchases.PurchaseReceiptApiTest" time="0.311"/>
  <testcase name="averageCostWithZeroPreviousStockEqualsReceivedPrice" classname="com.inventario.multisucursal.purchases.PurchaseReceiptApiTest" time="0.309"/>
</testsuite>