<?xml version="1.0" encoding="UTF-8"?>
<testsuite xmlns:xsi="http://www.w3.org/2001/XMLSchema-instance" xsi:noNamespaceSchemaLocation="https://maven.apache.org/surefire/maven-surefire-plugin/xsd/surefire-test-report-3.0.xsd" version="3.0" name="com.inventario.multisucursal.InventarioApplicationTests" time="0.716" tests="2" errors="0" skipped="0" failures="0">
  <properties>
[...]
</properties>
  <testcase name="healthEndpointReportsUp" classname="com.inventario.multisucursal.InventarioApplicationTests" time="0.016">
    <system-out><![CDATA[2026-08-28T18:33:48.543Z INFO  [requestId="-"] o.s.t.c.s.AnnotationConfigContextLoaderUtils - Could not detect default configuration classes for test class [com.inventario.multisucursal.InventarioApplicationTests]: InventarioApplicationTests does not declare any static, non-private, non-final, nested classes annotated with @Configuration.
2026-08-28T18:33:48.559Z INFO  [requestId="-"] o.s.b.t.c.SpringBootTestContextBootstrapper - Found @SpringBootConfiguration com.inventario.multisucursal.InventarioApplication for test class com.inventario.multisucursal.InventarioApplicationTests

  .   ____          _            __ _ _
 /\\ / ___'_ __ _ _(_)_ __  __ _ \ \ \ \
( ( )\___ | '_ | '_| | '_ \/ _` | \ \ \ \
 \\/  ___)| |_)| | | | | || (_| |  ) ) ) )
  '  |____| .__|_| |_|_| |_\__, | / / / /
 =========|_|==============|___/=/_/_/_/

 :: Spring Boot ::                (v3.3.5)

2026-08-28T18:33:48.572Z INFO  [requestId="-"] c.i.m.InventarioApplicationTests - Starting InventarioApplicationTests using Java 21.0.12 with PID 84 (started by root in /app)
2026-08-28T18:33:48.572Z DEBUG [requestId="-"] c.i.m.InventarioApplicationTests - Running with Spring Boot v3.3.5, Spring v6.1.14
2026-08-28T18:33:48.572Z INFO  [requestId="-"] c.i.m.InventarioApplicationTests - The following 1 profile is active: "test"
2026-08-28T18:33:48.740Z INFO  [requestId="-"] o.s.d.r.c.RepositoryConfigurationDelegate - Bootstrapping Spring Data JPA repositories in DEFAULT mode.
2026-08-28T18:33:48.766Z INFO  [requestId="-"] o.s.d.r.c.RepositoryConfigurationDelegate - Finished Spring Data repository scanning in 26 ms. Found 18 JPA repository interfaces.
2026-08-28T18:33:48.809Z INFO  [requestId="-"] o.s.b.w.e.tomcat.TomcatWebServer - Tomcat initialized with port 0 (http)
2026-08-28T18:33:48.809Z INFO  [requestId="-"] o.a.catalina.core.StandardService - Starting service [Tomcat]
2026-08-28T18:33:48.809Z INFO  [requestId="-"] o.a.catalina.core.StandardEngine - Starting Servlet engine: [Apache Tomcat/10.1.31]
2026-08-28T18:33:48.815Z INFO  [requestId="-"] o.a.c.c.C.[Tomcat-2].[localhost].[/] - Initializing Spring embedded WebApplicationContext
2026-08-28T18:33:48.815Z INFO  [requestId="-"] o.s.b.w.s.c.ServletWebServerApplicationContext - Root WebApplicationContext: initialization completed in 242 ms
2026-08-28T18:33:48.840Z DEBUG [requestId="-"] c.i.m.auth.JwtAuthenticationFilter - Filter 'jwtAuthenticationFilter' configured for use
2026-08-28T18:33:48.840Z DEBUG [requestId="-"] c.i.m.common.web.CorrelationIdFilter - Filter 'correlationIdFilter' configured for use
2026-08-28T18:33:48.859Z INFO  [requestId="-"] o.h.jpa.internal.util.LogHelper - HHH000204: Processing PersistenceUnitInfo [name: default]
2026-08-28T18:33:48.860Z INFO  [requestId="-"] o.h.c.i.RegionFactoryInitiator - HHH000026: Second-level cache disabled
2026-08-28T18:33:48.866Z INFO  [requestId="-"] o.s.o.j.p.SpringPersistenceUnitInfo - No LoadTimeWeaver setup: ignoring JPA class transformer
2026-08-28T18:33:48.866Z INFO  [requestId="-"] com.zaxxer.hikari.HikariDataSource - HikariPool-5 - Starting...
2026-08-28T18:33:48.867Z INFO  [requestId="-"] com.zaxxer.hikari.pool.HikariPool - HikariPool-5 - Added connection conn46: url=jdbc:h2:mem:testdb user=SA
2026-08-28T18:33:48.867Z INFO  [requestId="-"] com.zaxxer.hikari.HikariDataSource - HikariPool-5 - Start completed.
2026-08-28T18:33:48.935Z INFO  [requestId="-"] o.h.e.t.j.p.i.JtaPlatformInitiator - HHH000489: No JTA platform available (set 'hibernate.transaction.jta.platform' to enable JTA platform integration)
2026-08-28T18:33:48.936Z INFO  [requestId="-"] o.s.o.j.LocalContainerEntityManagerFactoryBean - Initialized JPA EntityManagerFactory for persistence unit 'default'
2026-08-28T18:33:48.971Z INFO  [requestId="-"] o.s.s.c.a.a.c.InitializeAuthenticationProviderBeanManagerConfigurer$InitializeAuthenticationProviderManagerConfigurer - Global AuthenticationManager configured with AuthenticationProvider bean with name authenticationProvider
2026-08-28T18:33:48.971Z WARN  [requestId="-"] o.s.s.c.a.a.c.InitializeUserDetailsBeanManagerConfigurer$InitializeUserDetailsManagerConfigurer - Global AuthenticationManager configured with an AuthenticationProvider bean. UserDetailsService beans will not be used for username/password login. Consider removing the AuthenticationProvider bean. Alternatively, consider using the UserDetailsService in a manually instantiated DaoAuthenticationProvider.
2026-08-28T18:33:49.160Z INFO  [requestId="-"] o.s.b.a.e.web.EndpointLinksResolver - Exposing 2 endpoints beneath base path '/actuator'
2026-08-28T18:33:49.238Z INFO  [requestId="-"] o.s.b.w.e.tomcat.TomcatWebServer - Tomcat started on port 40511 (http) with context path '/'
2026-08-28T18:33:49.239Z INFO  [requestId="-"] c.i.m.InventarioApplicationTests - Started InventarioApplicationTests in 0.678 seconds (process running for 64.74)
2026-08-28T18:33:49.242Z INFO  [requestId="-"] o.a.c.c.C.[Tomcat-2].[localhost].[/] - Initializing Spring DispatcherServlet 'dispatcherServlet'
2026-08-28T18:33:49.242Z INFO  [requestId="-"] o.s.web.servlet.DispatcherServlet - Initializing Servlet 'dispatcherServlet'
2026-08-28T18:33:49.243Z INFO  [requestId="-"] o.s.web.servlet.DispatcherServlet - Completed initialization in 1 ms
]]></system-out>
  </testcase>
  <testcase name="contextLoads" classname="com.inventario.multisucursal.InventarioApplicationTests" time="0.001"/>
</testsuite>